\BOOKMARK [1][-]{section.1}{Abstract}{}% 1
\BOOKMARK [1][-]{section.2}{Introduction}{}% 2
\BOOKMARK [1][-]{section.3}{Technical background}{}% 3
\BOOKMARK [2][-]{subsection.3.1}{B-spline}{section.3}% 4
\BOOKMARK [2][-]{subsection.3.2}{B-spline curve}{section.3}% 5
\BOOKMARK [3][-]{subsubsection.3.2.1}{Knot vector}{subsection.3.2}% 6
\BOOKMARK [2][-]{subsection.3.3}{B-spline surface}{section.3}% 7
\BOOKMARK [3][-]{subsubsection.3.3.1}{Knot vectors}{subsection.3.3}% 8
\BOOKMARK [2][-]{subsection.3.4}{T-spline}{section.3}% 9
\BOOKMARK [3][-]{subsubsection.3.4.1}{Knot vector}{subsection.3.4}% 10
\BOOKMARK [3][-]{subsubsection.3.4.2}{T-mesh}{subsection.3.4}% 11
\BOOKMARK [1][-]{section.4}{Code implementation}{}% 12
\BOOKMARK [2][-]{subsection.4.1}{Code execution}{section.4}% 13
\BOOKMARK [1][-]{section.5}{T-spline surface variations}{}% 14
\BOOKMARK [2][-]{subsection.5.1}{T1 and T3 shift to T0 and T4 along border}{section.5}% 15
\BOOKMARK [2][-]{subsection.5.2}{T1 and T3 shift to T0 and T4 inside surface}{section.5}% 16
\BOOKMARK [2][-]{subsection.5.3}{Knot change along border off the grid}{section.5}% 17
\BOOKMARK [2][-]{subsection.5.4}{Local refinement inside surface}{section.5}% 18
\BOOKMARK [2][-]{subsection.5.5}{Local refinement along border}{section.5}% 19
\BOOKMARK [2][-]{subsection.5.6}{ti, k and ti, k+1 change}{section.5}% 20
\BOOKMARK [2][-]{subsection.5.7}{Ti shift inside surface}{section.5}% 21
\BOOKMARK [2][-]{subsection.5.8}{T-spline limit goes to B-spline}{section.5}% 22
\BOOKMARK [3][-]{subsubsection.5.8.1}{T-spline or B-spline?}{subsection.5.8}% 23
\BOOKMARK [1][-]{section.6}{Final thoughts}{}% 24
\BOOKMARK [1][-]{section.7}{References}{}% 25
\BOOKMARK [1][-]{section.8}{Index}{}% 26
